<?xml version="1.0" encoding="UTF-8"?>
<!-- Generated by org.testng.reporters.JUnitReportReporter -->
<testsuite hostname="DESKTOP-A1N3ICK" failures="0" tests="2" name="org.automation.BatchExecution.Jawa" time="32.876" errors="0" timestamp="2026-01-08T11:30:36 IST" skipped="0">
  <testcase classname="org.automation.BatchExecution.Jawa" name="launchingPerak" time="3.497">
    <system-out>
      <![CDATA[Launched Perak]]>
    </system-out>
  </testcase> <!-- launchingPerak -->
  <testcase classname="org.automation.BatchExecution.Jawa" name="launching42Bobber" time="29.379">
    <system-out>
      <![CDATA[Launched 42 Bobber]]>
    </system-out>
  </testcase> <!-- launching42Bobber -->
  <system-out>
    <![CDATA[Launched Suzuki hayabusa
Launched 42 Bobber
Launched Perak
Launched Harely]]>
  </system-out>
</testsuite> <!-- org.automation.BatchExecution.Jawa -->
