<?xml version="1.0" encoding="UTF-8"?>
<!-- Generated by org.testng.reporters.JUnitReportReporter -->
<testsuite hostname="DESKTOP-A1N3ICK" failures="0" tests="1" name="org.automation.BatchExecution.Suzuki" time="27.234" errors="0" timestamp="2026-01-08T11:30:36 IST" skipped="0">
  <testcase classname="org.automation.BatchExecution.Suzuki" name="launchingSuzuki" time="27.234">
    <system-out>
      <![CDATA[Launched Suzuki hayabusa]]>
    </system-out>
  </testcase> <!-- launchingSuzuki -->
  <system-out>
    <![CDATA[Launched Suzuki hayabusa
Launched 42 Bobber
Launched Perak
Launched Harely]]>
  </system-out>
</testsuite> <!-- org.automation.BatchExecution.Suzuki -->
