<?xml version="1.0" encoding="UTF-8"?>
<!-- Generated by org.testng.reporters.JUnitReportReporter -->
<testsuite hostname="DESKTOP-A1N3ICK" failures="0" tests="1" name="org.automationmodularFramework.TC_RemoveProductFromCart_002" time="24.229" errors="0" timestamp="2026-01-21T12:10:54 IST" skipped="0">
  <testcase classname="org.automationmodularFramework.TC_RemoveProductFromCart_002" name="remove_SmartPhone_From_Cart" time="24.229">
    <system-out>
      <![CDATA[Product is removed from cart ]]>
    </system-out>
  </testcase> <!-- remove_SmartPhone_From_Cart -->
  <system-out>
    <![CDATA[Product is removed from cart ]]>
  </system-out>
</testsuite> <!-- org.automationmodularFramework.TC_RemoveProductFromCart_002 -->
