<?xml version="1.0" encoding="UTF-8"?>
<!-- Generated by org.testng.reporters.JUnitReportReporter -->
<testsuite hostname="DESKTOP-A1N3ICK" failures="0" tests="3" name="org.automation.dataProvider.DataProvider1" time="30.707" errors="0" timestamp="2026-01-16T11:38:04 IST" skipped="0">
  <testcase classname="org.automation.dataProvider.DataProvider1" name="login" time="10.064"/>
  <testcase classname="org.automation.dataProvider.DataProvider1" name="login" time="10.833"/>
  <testcase classname="org.automation.dataProvider.DataProvider1" name="login" time="9.810"/>
</testsuite> <!-- org.automation.dataProvider.DataProvider1 -->
