<?xml version="1.0" encoding="UTF-8"?>
<!-- Generated by org.testng.reporters.JUnitReportReporter -->
<testsuite hostname="DESKTOP-A1N3ICK" failures="0" tests="2" name="org.automation.LearningTestNG.LearningAttributes" time="15.956" errors="0" timestamp="2026-01-07T11:16:33 IST" skipped="0">
  <testcase classname="org.automation.LearningTestNG.LearningAttributes" name="login" time="7.181"/>
  <testcase classname="org.automation.LearningTestNG.LearningAttributes" name="register" time="8.775"/>
</testsuite> <!-- org.automation.LearningTestNG.LearningAttributes -->
