<?xml version="1.0" encoding="UTF-8"?>
<!-- Generated by org.testng.reporters.JUnitReportReporter -->
<testsuite hostname="DESKTOP-A1N3ICK" failures="0" tests="4" name="org.automation.LearningTestNG.UderstandingPriority" time="47.137" errors="0" timestamp="2026-01-06T12:13:45 IST" skipped="0">
  <testcase classname="org.automation.LearningTestNG.UderstandingPriority" name="launchingPurple" time="8.597"/>
  <testcase classname="org.automation.LearningTestNG.UderstandingPriority" name="launchingPurple" time="31.284"/>
  <testcase classname="org.automation.LearningTestNG.UderstandingPriority" name="launchingFullyFilmy" time="3.758"/>
  <testcase classname="org.automation.LearningTestNG.UderstandingPriority" name="launchingKalkiFashion" time="3.498"/>
</testsuite> <!-- org.automation.LearningTestNG.UderstandingPriority -->
