<?xml version="1.0" encoding="UTF-8"?>
<!-- Generated by org.testng.reporters.JUnitReportReporter -->
<testsuite hostname="DESKTOP-A1N3ICK" failures="0" tests="3" name="org.automations.TestNGAnnotations.ConfigurationAnnotation" time="0.034" errors="0" timestamp="2026-01-12T11:52:57 IST" skipped="0">
  <testcase classname="org.automations.TestNGAnnotations.ConfigurationAnnotation" name="testcase1" time="0.021">
    <system-out>
      <![CDATA[this is Test Case 1]]>
    </system-out>
  </testcase> <!-- testcase1 -->
  <testcase classname="org.automations.TestNGAnnotations.ConfigurationAnnotation" name="testcase2" time="0.006">
    <system-out>
      <![CDATA[this is Test Case 2]]>
    </system-out>
  </testcase> <!-- testcase2 -->
  <testcase classname="org.automations.TestNGAnnotations.ConfigurationAnnotation" name="testcase3" time="0.007">
    <system-out>
      <![CDATA[this is Test Case 3]]>
    </system-out>
  </testcase> <!-- testcase3 -->
  <system-out>
    <![CDATA[this is before suite
this is before Test
this is before class
this is before method
this is Test Case 1
this is after method
this is before method
this is Test Case 2
this is after method
this is before method
this is Test Case 3
this is after method
this is after class
this is after Test
this is after suite]]>
  </system-out>
</testsuite> <!-- org.automations.TestNGAnnotations.ConfigurationAnnotation -->
