<?xml version="1.0" encoding="UTF-8"?>
<!-- Generated by org.testng.reporters.JUnitReportReporter -->
<testsuite hostname="DESKTOP-A1N3ICK" failures="0" tests="1" name="org.automation.BatchExecution.Harely" time="35.400" errors="0" timestamp="2026-01-08T11:30:36 IST" skipped="0">
  <testcase classname="org.automation.BatchExecution.Harely" name="launchingHarely" time="35.400">
    <system-out>
      <![CDATA[Launched Harely]]>
    </system-out>
  </testcase> <!-- launchingHarely -->
  <system-out>
    <![CDATA[Launched Suzuki hayabusa
Launched 42 Bobber
Launched Perak
Launched Harely]]>
  </system-out>
</testsuite> <!-- org.automation.BatchExecution.Harely -->
