<?xml version="1.0" encoding="UTF-8"?>
<testng-results ignored="0" total="1" passed="1" failed="0" skipped="0">
  <reporter-output>
  </reporter-output>
  <suite started-at="2026-01-30T11:40:13 IST" name="Default suite" finished-at="2026-01-30T11:40:35 IST" duration-ms="21987">
    <groups>
    </groups>
    <test started-at="2026-01-30T11:40:13 IST" name="Default test" finished-at="2026-01-30T11:40:35 IST" duration-ms="21987">
      <class name="org.automationmodularFramework.TC_BuyProduct_003_Test">
        <test-method is-config="true" signature="broswerSetup()[pri:0, instance:org.automationmodularFramework.TC_BuyProduct_003_Test@587e5365]" started-at="2026-01-30T11:40:13 IST" name="broswerSetup" finished-at="2026-01-30T11:40:19 IST" duration-ms="6167" status="PASS">
          <reporter-output>
          </reporter-output>
        </test-method> <!-- broswerSetup -->
        <test-method is-config="true" signature="login()[pri:0, instance:org.automationmodularFramework.TC_BuyProduct_003_Test@587e5365]" started-at="2026-01-30T11:40:19 IST" name="login" finished-at="2026-01-30T11:40:21 IST" duration-ms="2133" status="PASS">
          <reporter-output>
          </reporter-output>
        </test-method> <!-- login -->
        <test-method signature="buyProductmethod()[pri:0, instance:org.automationmodularFramework.TC_BuyProduct_003_Test@587e5365]" started-at="2026-01-30T11:40:21 IST" name="buyProductmethod" finished-at="2026-01-30T11:40:33 IST" duration-ms="11819" status="PASS">
          <reporter-output>
          </reporter-output>
        </test-method> <!-- buyProductmethod -->
        <test-method is-config="true" signature="logout()[pri:0, instance:org.automationmodularFramework.TC_BuyProduct_003_Test@587e5365]" started-at="2026-01-30T11:40:33 IST" name="logout" finished-at="2026-01-30T11:40:34 IST" duration-ms="1124" status="PASS">
          <reporter-output>
          </reporter-output>
        </test-method> <!-- logout -->
        <test-method is-config="true" signature="browserTearDown()[pri:0, instance:org.automationmodularFramework.TC_BuyProduct_003_Test@587e5365]" started-at="2026-01-30T11:40:34 IST" name="browserTearDown" finished-at="2026-01-30T11:40:35 IST" duration-ms="623" status="PASS">
          <reporter-output>
          </reporter-output>
        </test-method> <!-- browserTearDown -->
      </class> <!-- org.automationmodularFramework.TC_BuyProduct_003_Test -->
    </test> <!-- Default test -->
  </suite> <!-- Default suite -->
</testng-results>
