<?xml version="1.0" encoding="UTF-8"?>
<!-- Generated by org.testng.reporters.JUnitXMLReporter -->
<testsuite ignored="0" hostname="DESKTOP-A1N3ICK" failures="0" tests="4" name="Test2" time="57.395" errors="0" timestamp="2026-01-08T12:03:12 IST">
  <testcase classname="org.automatio.DistributiveParalleExecution.Jadeja" name="Launching_Jadeja" time="9.146"/>
  <testcase classname="org.automatio.DistributiveParalleExecution.Virat" name="Launching_Virat" time="14.188"/>
  <testcase classname="org.automatio.DistributiveParalleExecution.Sachin" name="Launching_Sachin" time="22.491"/>
  <testcase classname="org.automatio.DistributiveParalleExecution.SuryKumar" name="Launching_Suryakumar" time="11.37"/>
</testsuite> <!-- Test2 -->
