<?xml version="1.0" encoding="UTF-8"?>
<!-- Generated by org.testng.reporters.JUnitXMLReporter -->
<testsuite ignored="0" hostname="DESKTOP-A1N3ICK" failures="0" tests="4" name="Test1" time="59.516" errors="0" timestamp="2026-01-08T12:03:14 IST">
  <testcase classname="org.automatio.DistributiveParalleExecution.Dhoni" name="Launching_Dhoni" time="8.293"/>
  <testcase classname="org.automatio.DistributiveParalleExecution.Hardik" name="Launching_Hardik" time="12.521"/>
  <testcase classname="org.automatio.DistributiveParalleExecution.KL_Rahul" name="Launching_KL_Rahul" time="14.661"/>
  <testcase classname="org.automatio.DistributiveParalleExecution.Rohit" name="Launching_Rohit" time="23.897"/>
</testsuite> <!-- Test1 -->
