<?xml version="1.0" encoding="UTF-8"?>
<!-- Generated by org.testng.reporters.JUnitReportReporter -->
<testsuite hostname="DESKTOP-A1N3ICK" failures="0" tests="1" name="org.testpackage.TC_AddToCart_001_Test" time="8.524" errors="0" timestamp="2026-02-03T12:18:04 IST" skipped="0">
  <testcase classname="org.testpackage.TC_AddToCart_001_Test" name="add_To_Cart_method" time="8.524">
    <system-out>
      <![CDATA[Testcase add_To_Cart_method has started
Testcase add_To_Cart_method has successfully executed]]>
    </system-out>
  </testcase> <!-- add_To_Cart_method -->
  <system-out>
    <![CDATA[<tagName> Test has started
Testcase add_To_Cart_method has started
Testcase add_To_Cart_method has successfully executed
Testcase remove_SmartPhone_From_Cart has started
Product is  removed from cart 
Testcase remove_SmartPhone_From_Cart has successfully executed]]>
  </system-out>
</testsuite> <!-- org.testpackage.TC_AddToCart_001_Test -->
